23:55:01 **** Incremental Build of configuration Debug for project game_vision ****
make all 
Building file: ../src/OCR.cpp
Invoking: GCC C++ Compiler
g++ -I/usr/include/python2.7 -I/usr/include/boost/ -O0 -g3 -Wall -c -fmessage-length=0 -MMD -MP -MF"src/OCR.d" -MT"src/OCR.o" -o "src/OCR.o" "../src/OCR.cpp"
Finished building: ../src/OCR.cpp
 
Building file: ../src/SendDataToPython.cpp
Invoking: GCC C++ Compiler
g++ -I/usr/include/python2.7 -I/usr/include/boost/ -O0 -g3 -Wall -c -fmessage-length=0 -MMD -MP -MF"src/SendDataToPython.d" -MT"src/SendDataToPython.o" -o "src/SendDataToPython.o" "../src/SendDataToPython.cpp"
../src/SendDataToPython.cpp:20:164: error: redefinition of ‘std::vector<int> x_coordinate’
 boost::python::dict SendDataToPython::objectInformationToDict(vector< vector<KeyPoint> > vectorToSend, vector<int>x_coordinate,vector<int>y_coordinate, vector<int>x_coordinate,vector<int>y_coordinate, vector < pair< vector<string>, pair< vector<int>,vector<int> > > > words)
                                                                                                                                                                    ^
../src/SendDataToPython.cpp:20:115: error: ‘std::vector<int> x_coordinate’ previously declared here
 boost::python::dict SendDataToPython::objectInformationToDict(vector< vector<KeyPoint> > vectorToSend, vector<int>x_coordinate,vector<int>y_coordinate, vector<int>x_coordinate,vector<int>y_coordinate, vector < pair< vector<string>, pair< vector<int>,vector<int> > > > words)
                                                                                                                   ^
../src/SendDataToPython.cpp:20:188: error: redefinition of ‘std::vector<int> y_coordinate’
 boost::python::dict SendDataToPython::objectInformationToDict(vector< vector<KeyPoint> > vectorToSend, vector<int>x_coordinate,vector<int>y_coordinate, vector<int>x_coordinate,vector<int>y_coordinate, vector < pair< vector<string>, pair< vector<int>,vector<int> > > > words)
                                                                                                                                                                                            ^
../src/SendDataToPython.cpp:20:139: error: ‘std::vector<int> y_coordinate’ previously declared here
 boost::python::dict SendDataToPython::objectInformationToDict(vector< vector<KeyPoint> > vectorToSend, vector<int>x_coordinate,vector<int>y_coordinate, vector<int>x_coordinate,vector<int>y_coordinate, vector < pair< vector<string>, pair< vector<int>,vector<int> > > > words)
                                                                                                                                           ^
make: *** [src/SendDataToPython.o] Error 1
23:56:45 **** Incremental Build of configuration Debug for project game_vision ****
make all 
Building file: ../src/SendDataToPython.cpp
Invoking: GCC C++ Compiler
g++ -I/usr/include/python2.7 -I/usr/include/boost/ -O0 -g3 -Wall -c -fmessage-length=0 -MMD -MP -MF"src/SendDataToPython.d" -MT"src/SendDataToPython.o" -o "src/SendDataToPython.o" "../src/SendDataToPython.cpp"
../src/SendDataToPython.cpp:20:21: error: prototype for ‘boost::python::dict SendDataToPython::objectInformationToDict(std::vector<std::vector<cv::KeyPoint> >, std::vector<int>, std::vector<int>)’ does not match any in class ‘SendDataToPython’
 boost::python::dict SendDataToPython::objectInformationToDict(vector< vector<KeyPoint> > vectorToSend, vector<int>x_coordinate,vector<int>y_coordinate)
                     ^
In file included from ../src/SendDataToPython.cpp:8:0:
../src/SendDataToPython.h:36:22: error: candidate is: boost::python::dict SendDataToPython::objectInformationToDict(std::vector<std::vector<cv::KeyPoint> >, std::vector<int>, std::vector<int>, std::vector<std::pair<std::vector<std::basic_string<char> >, std::pair<std::vector<int>, std::vector<int> > > >)
  boost::python::dict objectInformationToDict(vector< vector<KeyPoint> > vectorToSend, vector<int>x_coordinate,vector<int>y_coordinate, vector < pair< vector<string>, pair< vector<int>,vector<int> > > > words);
                      ^
make: *** [src/SendDataToPython.o] Error 1
23:58:03 **** Incremental Build of configuration Debug for project game_vision ****
make all 
Building file: ../src/SendDataToPython.cpp
Invoking: GCC C++ Compiler
g++ -I/usr/include/python2.7 -I/usr/include/boost/ -O0 -g3 -Wall -c -fmessage-length=0 -MMD -MP -MF"src/SendDataToPython.d" -MT"src/SendDataToPython.o" -o "src/SendDataToPython.o" "../src/SendDataToPython.cpp"
Finished building: ../src/SendDataToPython.cpp
 
Building file: ../src/main.cpp
Invoking: GCC C++ Compiler
g++ -I/usr/include/python2.7 -I/usr/include/boost/ -O0 -g3 -Wall -c -fmessage-length=0 -MMD -MP -MF"src/main.d" -MT"src/main.o" -o "src/main.o" "../src/main.cpp"
Finished building: ../src/main.cpp
 
Building target: game_vision
Invoking: GCC C++ Linker
g++ -L/usr/local/lib -lX11 -o "game_vision"  ./src/OCR.o ./src/SendDataToPython.o ./src/SeperateObjects.o ./src/featureextraction.o ./src/main.o ./src/yingyang.o   -lopencv_cudabgsegm -lopencv_cudaobjdetect -lopencv_cudastereo -lopencv_stitching -lopencv_cudafeatures2d -lopencv_superres -lopencv_cudacodec -lopencv_videostab -lopencv_cudaoptflow -lopencv_cudalegacy -lopencv_photo -lopencv_cudawarping -lopencv_cudaimgproc -lopencv_cudafilters -lopencv_aruco -lopencv_bgsegm -lopencv_bioinspired -lopencv_ccalib -lopencv_dpm -lopencv_face -lopencv_freetype -lopencv_fuzzy -lopencv_hdf -lopencv_line_descriptor -lopencv_optflow -lopencv_reg -lopencv_rgbd -lopencv_saliency -lopencv_stereo -lopencv_structured_light -lopencv_phase_unwrapping -lopencv_surface_matching -lopencv_tracking -lopencv_datasets -lopencv_text -lopencv_dnn -lopencv_plot -lopencv_ml -lopencv_xfeatures2d -lopencv_shape -lopencv_video -lopencv_cudaarithm -lopencv_ximgproc -lopencv_calib3d -lopencv_features2d -lopencv_highgui -lopencv_videoio -lopencv_flann -lopencv_xobjdetect -lopencv_imgcodecs -lopencv_objdetect -lopencv_xphoto -lopencv_imgproc -lopencv_core -lopencv_cudev -lboost_python -lboost_system -lpython2.7
Finished building target: game_vision
 
00:08:53 **** Incremental Build of configuration Debug for project game_vision ****
make all 
Building file: ../src/main.cpp
Invoking: GCC C++ Compiler
g++ -I/usr/include/python2.7 -I/usr/include/boost/ -O0 -g3 -Wall -c -fmessage-length=0 -MMD -MP -MF"src/main.d" -MT"src/main.o" -o "src/main.o" "../src/main.cpp"
../src/main.cpp: In function ‘int letter()’:
../src/main.cpp:103:2: error: expected initializer before ‘vector’
  vector < pair< vector<string>, pair< vector<int>,vector<int> > > > testing = test.getWords(img);
  ^
../src/main.cpp:104:8: error: ‘testing’ was not declared in this scope
  cout<<testing[0]<<endl;
        ^
make: *** [src/main.o] Error 1
00:09:02 **** Incremental Build of configuration Debug for project game_vision ****
make all 
Building file: ../src/main.cpp
Invoking: GCC C++ Compiler
g++ -I/usr/include/python2.7 -I/usr/include/boost/ -O0 -g3 -Wall -c -fmessage-length=0 -MMD -MP -MF"src/main.d" -MT"src/main.o" -o "src/main.o" "../src/main.cpp"
../src/main.cpp: In function ‘int letter()’:
../src/main.cpp:104:6: error: no match for ‘operator<<’ (operand types are ‘std::ostream {aka std::basic_ostream<char>}’ and ‘std::pair<std::vector<std::basic_string<char> >, std::pair<std::vector<int>, std::vector<int> > >’)
  cout<<testing[0]<<endl;
      ^
../src/main.cpp:104:6: note: candidates are:
In file included from /usr/include/c++/4.8/iostream:39:0,
                 from ../src/main.cpp:9:
/usr/include/c++/4.8/ostream:108:7: note: std::basic_ostream<_CharT, _Traits>::__ostream_type& std::basic_ostream<_CharT, _Traits>::operator<<(std::basic_ostream<_CharT, _Traits>::__ostream_type& (*)(std::basic_ostream<_CharT, _Traits>::__ostream_type&)) [with _CharT = char; _Traits = std::char_traits<char>; std::basic_ostream<_CharT, _Traits>::__ostream_type = std::basic_ostream<char>]
       operator<<(__ostream_type& (*__pf)(__ostream_type&))
       ^
/usr/include/c++/4.8/ostream:108:7: note:   no known conversion for argument 1 from ‘std::pair<std::vector<std::basic_string<char> >, std::pair<std::vector<int>, std::vector<int> > >’ to ‘std::basic_ostream<char>::__ostream_type& (*)(std::basic_ostream<char>::__ostream_type&) {aka std::basic_ostream<char>& (*)(std::basic_ostream<char>&)}’
/usr/include/c++/4.8/ostream:117:7: note: std::basic_ostream<_CharT, _Traits>::__ostream_type& std::basic_ostream<_CharT, _Traits>::operator<<(std::basic_ostream<_CharT, _Traits>::__ios_type& (*)(std::basic_ostream<_CharT, _Traits>::__ios_type&)) [with _CharT = char; _Traits = std::char_traits<char>; std::basic_ostream<_CharT, _Traits>::__ostream_type = std::basic_ostream<char>; std::basic_ostream<_CharT, _Traits>::__ios_type = std::basic_ios<char>]
       operator<<(__ios_type& (*__pf)(__ios_type&))
       ^
/usr/include/c++/4.8/ostream:117:7: note:   no known conversion for argument 1 from ‘std::pair<std::vector<std::basic_string<char> >, std::pair<std::vector<int>, std::vector<int> > >’ to ‘std::basic_ostream<char>::__ios_type& (*)(std::basic_ostream<char>::__ios_type&) {aka std::basic_ios<char>& (*)(std::basic_ios<char>&)}’
/usr/include/c++/4.8/ostream:127:7: note: std::basic_ostream<_CharT, _Traits>::__ostream_type& std::basic_ostream<_CharT, _Traits>::operator<<(std::ios_base& (*)(std::ios_base&)) [with _CharT = char; _Traits = std::char_traits<char>; std::basic_ostream<_CharT, _Traits>::__ostream_type = std::basic_ostream<char>]
       operator<<(ios_base& (*__pf) (ios_base&))
       ^
/usr/include/c++/4.8/ostream:127:7: note:   no known conversion for argument 1 from ‘std::pair<std::vector<std::basic_string<char> >, std::pair<std::vector<int>, std::vector<int> > >’ to ‘std::ios_base& (*)(std::ios_base&)’
/usr/include/c++/4.8/ostream:166:7: note: std::basic_ostream<_CharT, _Traits>::__ostream_type& std::basic_ostream<_CharT, _Traits>::operator<<(long int) [with _CharT = char; _Traits = std::char_traits<char>; std::basic_ostream<_CharT, _Traits>::__ostream_type = std::basic_ostream<char>]
       operator<<(long __n)
       ^
/usr/include/c++/4.8/ostream:166:7: note:   no known conversion for argument 1 from ‘std::pair<std::vector<std::basic_string<char> >, std::pair<std::vector<int>, std::vector<int> > >’ to ‘long int’
/usr/include/c++/4.8/ostream:170:7: note: std::basic_ostream<_CharT, _Traits>::__ostream_type& std::basic_ostream<_CharT, _Traits>::operator<<(long unsigned int) [with _CharT = char; _Traits = std::char_traits<char>; std::basic_ostream<_CharT, _Traits>::__ostream_type = std::basic_ostream<char>]
       operator<<(unsigned long __n)
       ^
/usr/include/c++/4.8/ostream:170:7: note:   no known conversion for argument 1 from ‘std::pair<std::vector<std::basic_string<char> >, std::pair<std::vector<int>, std::vector<int> > >’ to ‘long unsigned int’
/usr/include/c++/4.8/ostream:174:7: note: std::basic_ostream<_CharT, _Traits>::__ostream_type& std::basic_ostream<_CharT, _Traits>::operator<<(bool) [with _CharT = char; _Traits = std::char_traits<char>; std::basic_ostream<_CharT, _Traits>::__ostream_type = std::basic_ostream<char>]
       operator<<(bool __n)
       ^
/usr/include/c++/4.8/ostream:174:7: note:   no known conversion for argument 1 from ‘std::pair<std::vector<std::basic_string<char> >, std::pair<std::vector<int>, std::vector<int> > >’ to ‘bool’
In file included from /usr/include/c++/4.8/ostream:612:0,
                 from /usr/include/c++/4.8/iostream:39,
                 from ../src/main.cpp:9:
/usr/include/c++/4.8/bits/ostream.tcc:91:5: note: std::basic_ostream<_CharT, _Traits>& std::basic_ostream<_CharT, _Traits>::operator<<(short int) [with _CharT = char; _Traits = std::char_traits<char>]
     basic_ostream<_CharT, _Traits>::
     ^
/usr/include/c++/4.8/bits/ostream.tcc:91:5: note:   no known conversion for argument 1 from ‘std::pair<std::vector<std::basic_string<char> >, std::pair<std::vector<int>, std::vector<int> > >’ to ‘short int’
In file included from /usr/include/c++/4.8/iostream:39:0,
                 from ../src/main.cpp:9:
/usr/include/c++/4.8/ostream:181:7: note: std::basic_ostream<_CharT, _Traits>::__ostream_type& std::basic_ostream<_CharT, _Traits>::operator<<(short unsigned int) [with _CharT = char; _Traits = std::char_traits<char>; std::basic_ostream<_CharT, _Traits>::__ostream_type = std::basic_ostream<char>]
       operator<<(unsigned short __n)
       ^
/usr/include/c++/4.8/ostream:181:7: note:   no known conversion for argument 1 from ‘std::pair<std::vector<std::basic_string<char> >, std::pair<std::vector<int>, std::vector<int> > >’ to ‘short unsigned int’
In file included from /usr/include/c++/4.8/ostream:612:0,
                 from /usr/include/c++/4.8/iostream:39,
                 from ../src/main.cpp:9:
/usr/include/c++/4.8/bits/ostream.tcc:105:5: note: std::basic_ostream<_CharT, _Traits>& std::basic_ostream<_CharT, _Traits>::operator<<(int) [with _CharT = char; _Traits = std::char_traits<char>]
     basic_ostream<_CharT, _Traits>::
     ^
/usr/include/c++/4.8/bits/ostream.tcc:105:5: note:   no known conversion for argument 1 from ‘std::pair<std::vector<std::basic_string<char> >, std::pair<std::vector<int>, std::vector<int> > >’ to ‘int’
In file included from /usr/include/c++/4.8/iostream:39:0,
                 from ../src/main.cpp:9:
/usr/include/c++/4.8/ostream:192:7: note: std::basic_ostream<_CharT, _Traits>::__ostream_type& std::basic_ostream<_CharT, _Traits>::operator<<(unsigned int) [with _CharT = char; _Traits = std::char_traits<char>; std::basic_ostream<_CharT, _Traits>::__ostream_type = std::basic_ostream<char>]
       operator<<(unsigned int __n)
       ^
/usr/include/c++/4.8/ostream:192:7: note:   no known conversion for argument 1 from ‘std::pair<std::vector<std::basic_string<char> >, std::pair<std::vector<int>, std::vector<int> > >’ to ‘unsigned int’
/usr/include/c++/4.8/ostream:201:7: note: std::basic_ostream<_CharT, _Traits>::__ostream_type& std::basic_ostream<_CharT, _Traits>::operator<<(long long int) [with _CharT = char; _Traits = std::char_traits<char>; std::basic_ostream<_CharT, _Traits>::__ostream_type = std::basic_ostream<char>]
       operator<<(long long __n)
       ^
/usr/include/c++/4.8/ostream:201:7: note:   no known conversion for argument 1 from ‘std::pair<std::vector<std::basic_string<char> >, std::pair<std::vector<int>, std::vector<int> > >’ to ‘long long int’
/usr/include/c++/4.8/ostream:205:7: note: std::basic_ostream<_CharT, _Traits>::__ostream_type& std::basic_ostream<_CharT, _Traits>::operator<<(long long unsigned int) [with _CharT = char; _Traits = std::char_traits<char>; std::basic_ostream<_CharT, _Traits>::__ostream_type = std::basic_ostream<char>]
       operator<<(unsigned long long __n)
       ^
/usr/include/c++/4.8/ostream:205:7: note:   no known conversion for argument 1 from ‘std::pair<std::vector<std::basic_string<char> >, std::pair<std::vector<int>, std::vector<int> > >’ to ‘long long unsigned int’
/usr/include/c++/4.8/ostream:220:7: note: std::basic_ostream<_CharT, _Traits>::__ostream_type& std::basic_ostream<_CharT, _Traits>::operator<<(double) [with _CharT = char; _Traits = std::char_traits<char>; std::basic_ostream<_CharT, _Traits>::__ostream_type = std::basic_ostream<char>]
       operator<<(double __f)
       ^
/usr/include/c++/4.8/ostream:220:7: note:   no known conversion for argument 1 from ‘std::pair<std::vector<std::basic_string<char> >, std::pair<std::vector<int>, std::vector<int> > >’ to ‘double’
/usr/include/c++/4.8/ostream:224:7: note: std::basic_ostream<_CharT, _Traits>::__ostream_type& std::basic_ostream<_CharT, _Traits>::operator<<(float) [with _CharT = char; _Traits = std::char_traits<char>; std::basic_ostream<_CharT, _Traits>::__ostream_type = std::basic_ostream<char>]
       operator<<(float __f)
       ^
/usr/include/c++/4.8/ostream:224:7: note:   no known conversion for argument 1 from ‘std::pair<std::vector<std::basic_string<char> >, std::pair<std::vector<int>, std::vector<int> > >’ to ‘float’
/usr/include/c++/4.8/ostream:232:7: note: std::basic_ostream<_CharT, _Traits>::__ostream_type& std::basic_ostream<_CharT, _Traits>::operator<<(long double) [with _CharT = char; _Traits = std::char_traits<char>; std::basic_ostream<_CharT, _Traits>::__ostream_type = std::basic_ostream<char>]
       operator<<(long double __f)
       ^
/usr/include/c++/4.8/ostream:232:7: note:   no known conversion for argument 1 from ‘std::pair<std::vector<std::basic_string<char> >, std::pair<std::vector<int>, std::vector<int> > >’ to ‘long double’
/usr/include/c++/4.8/ostream:245:7: note: std::basic_ostream<_CharT, _Traits>::__ostream_type& std::basic_ostream<_CharT, _Traits>::operator<<(const void*) [with _CharT = char; _Traits = std::char_traits<char>; std::basic_ostream<_CharT, _Traits>::__ostream_type = std::basic_ostream<char>]
       operator<<(const void* __p)
       ^
/usr/include/c++/4.8/ostream:245:7: note:   no known conversion for argument 1 from ‘std::pair<std::vector<std::basic_string<char> >, std::pair<std::vector<int>, std::vector<int> > >’ to ‘const void*’
In file included from /usr/include/c++/4.8/ostream:612:0,
                 from /usr/include/c++/4.8/iostream:39,
                 from ../src/main.cpp:9:
/usr/include/c++/4.8/bits/ostream.tcc:119:5: note: std::basic_ostream<_CharT, _Traits>& std::basic_ostream<_CharT, _Traits>::operator<<(std::basic_ostream<_CharT, _Traits>::__streambuf_type*) [with _CharT = char; _Traits = std::char_traits<char>; std::basic_ostream<_CharT, _Traits>::__streambuf_type = std::basic_streambuf<char>]
     basic_ostream<_CharT, _Traits>::
     ^
/usr/include/c++/4.8/bits/ostream.tcc:119:5: note:   no known conversion for argument 1 from ‘std::pair<std::vector<std::basic_string<char> >, std::pair<std::vector<int>, std::vector<int> > >’ to ‘std::basic_ostream<char>::__streambuf_type* {aka std::basic_streambuf<char>*}’
In file included from /usr/include/boost/python/instance_holder.hpp:11:0,
                 from /usr/include/boost/python/object/pointer_holder.hpp:14,
                 from /usr/include/boost/python/to_python_indirect.hpp:10,
                 from /usr/include/boost/python/converter/arg_to_python.hpp:10,
                 from /usr/include/boost/python/call.hpp:15,
                 from /usr/include/boost/python/object_core.hpp:14,
                 from /usr/include/boost/python/args.hpp:25,
                 from /usr/include/boost/python.hpp:11,
                 from ../src/SendDataToPython.h:24,
                 from ../src/main.cpp:26:
/usr/include/boost/python/type_id.hpp:172:33: note: std::ostream& boost::python::operator<<(std::ostream&, const boost::python::type_info&)
 BOOST_PYTHON_DECL std::ostream& operator<<(std::ostream&, type_info const&);
                                 ^
/usr/include/boost/python/type_id.hpp:172:33: note:   no known conversion for argument 2 from ‘std::pair<std::vector<std::basic_string<char> >, std::pair<std::vector<int>, std::vector<int> > >’ to ‘const boost::python::type_info&’
In file included from /usr/local/include/opencv2/core.hpp:3218:0,
                 from /usr/local/include/opencv2/core/core.hpp:48,
                 from ../src/main.cpp:10:
/usr/local/include/opencv2/core/utility.hpp:384:15: note: std::ostream& cv::operator<<(std::ostream&, const cv::TickMeter&)
 std::ostream& operator << (std::ostream& out, const TickMeter& tm)
               ^
/usr/local/include/opencv2/core/utility.hpp:384:15: note:   no known conversion for argument 2 from ‘std::pair<std::vector<std::basic_string<char> >, std::pair<std::vector<int>, std::vector<int> > >’ to ‘const cv::TickMeter&’
In file included from /usr/local/include/opencv2/core.hpp:3217:0,
                 from /usr/local/include/opencv2/core/core.hpp:48,
                 from ../src/main.cpp:10:
/usr/local/include/opencv2/core/cvstd.inl.hpp:273:29: note: std::ostream& cv::operator<<(std::ostream&, const cv::MatSize&)
 static inline std::ostream& operator << (std::ostream& out, const MatSize& msize)
                             ^
/usr/local/include/opencv2/core/cvstd.inl.hpp:273:29: note:   no known conversion for argument 2 from ‘std::pair<std::vector<std::basic_string<char> >, std::pair<std::vector<int>, std::vector<int> > >’ to ‘const cv::MatSize&’
/usr/local/include/opencv2/core/cvstd.inl.hpp:268:15: note: template<class _Tp> std::ostream& cv::operator<<(std::ostream&, const cv::Rect_<_Tp>&)
 std::ostream& operator << (std::ostream& out, const Rect_<_Tp>& rect)
               ^
/usr/local/include/opencv2/core/cvstd.inl.hpp:268:15: note:   template argument deduction/substitution failed:
../src/main.cpp:104:17: note:   ‘std::pair<std::vector<std::basic_string<char> >, std::pair<std::vector<int>, std::vector<int> > >’ is not derived from ‘const cv::Rect_<_Tp>’
  cout<<testing[0]<<endl;
                 ^
In file included from /usr/local/include/opencv2/core.hpp:3217:0,
                 from /usr/local/include/opencv2/core/core.hpp:48,
                 from ../src/main.cpp:10:
/usr/local/include/opencv2/core/cvstd.inl.hpp:262:15: note: template<class _Tp> std::ostream& cv::operator<<(std::ostream&, const cv::Size_<_Tp>&)
 std::ostream& operator << (std::ostream& out, const Size_<_Tp>& size)
               ^
/usr/local/include/opencv2/core/cvstd.inl.hpp:262:15: note:   template argument deduction/substitution failed:
../src/main.cpp:104:17: note:   ‘std::pair<std::vector<std::basic_string<char> >, std::pair<std::vector<int>, std::vector<int> > >’ is not derived from ‘const cv::Size_<_Tp>’
  cout<<testing[0]<<endl;
                 ^
In file included from /usr/local/include/opencv2/core.hpp:3217:0,
                 from /usr/local/include/opencv2/core/core.hpp:48,
                 from ../src/main.cpp:10:
/usr/local/include/opencv2/core/cvstd.inl.hpp:233:15: note: template<class _Tp, int n> std::ostream& cv::operator<<(std::ostream&, const cv::Vec<_Tp, m>&)
 std::ostream& operator << (std::ostream& out, const Vec<_Tp, n>& vec)
               ^
/usr/local/include/opencv2/core/cvstd.inl.hpp:233:15: note:   template argument deduction/substitution failed:
../src/main.cpp:104:17: note:   ‘std::pair<std::vector<std::basic_string<char> >, std::pair<std::vector<int>, std::vector<int> > >’ is not derived from ‘const cv::Vec<_Tp, m>’
  cout<<testing[0]<<endl;
                 ^
In file included from /usr/local/include/opencv2/core.hpp:3217:0,
                 from /usr/local/include/opencv2/core/core.hpp:48,
                 from ../src/main.cpp:10:
/usr/local/include/opencv2/core/cvstd.inl.hpp:226:15: note: template<class _Tp> std::ostream& cv::operator<<(std::ostream&, const cv::Point3_<_Tp>&)
 std::ostream& operator << (std::ostream& out, const Point3_<_Tp>& p)
               ^
/usr/local/include/opencv2/core/cvstd.inl.hpp:226:15: note:   template argument deduction/substitution failed:
../src/main.cpp:104:17: note:   ‘std::pair<std::vector<std::basic_string<char> >, std::pair<std::vector<int>, std::vector<int> > >’ is not derived from ‘const cv::Point3_<_Tp>’
  cout<<testing[0]<<endl;
                 ^
In file included from /usr/local/include/opencv2/core.hpp:3217:0,
                 from /usr/local/include/opencv2/core/core.hpp:48,
                 from ../src/main.cpp:10:
/usr/local/include/opencv2/core/cvstd.inl.hpp:219:15: note: template<class _Tp> std::ostream& cv::operator<<(std::ostream&, const cv::Point_<_Tp>&)
 std::ostream& operator << (std::ostream& out, const Point_<_Tp>& p)
               ^
/usr/local/include/opencv2/core/cvstd.inl.hpp:219:15: note:   template argument deduction/substitution failed:
../src/main.cpp:104:17: note:   ‘std::pair<std::vector<std::basic_string<char> >, std::pair<std::vector<int>, std::vector<int> > >’ is not derived from ‘const cv::Point_<_Tp>’
  cout<<testing[0]<<endl;
                 ^
In file included from /usr/local/include/opencv2/core.hpp:3217:0,
                 from /usr/local/include/opencv2/core/core.hpp:48,
                 from ../src/main.cpp:10:
/usr/local/include/opencv2/core/cvstd.inl.hpp:213:15: note: template<class _Tp, int m, int n> std::ostream& cv::operator<<(std::ostream&, const cv::Matx<_Tp, m, n>&)
 std::ostream& operator << (std::ostream& out, const Matx<_Tp, m, n>& matx)
               ^
/usr/local/include/opencv2/core/cvstd.inl.hpp:213:15: note:   template argument deduction/substitution failed:
../src/main.cpp:104:17: note:   ‘std::pair<std::vector<std::basic_string<char> >, std::pair<std::vector<int>, std::vector<int> > >’ is not derived from ‘const cv::Matx<_Tp, m, n>’
  cout<<testing[0]<<endl;
                 ^
In file included from /usr/local/include/opencv2/core.hpp:3217:0,
                 from /usr/local/include/opencv2/core/core.hpp:48,
                 from ../src/main.cpp:10:
/usr/local/include/opencv2/core/cvstd.inl.hpp:206:15: note: template<class _Tp> std::ostream& cv::operator<<(std::ostream&, const std::vector<cv::Point3_<_Tp> >&)
 std::ostream& operator << (std::ostream& out, const std::vector<Point3_<_Tp> >& vec)
               ^
/usr/local/include/opencv2/core/cvstd.inl.hpp:206:15: note:   template argument deduction/substitution failed:
../src/main.cpp:104:17: note:   ‘std::pair<std::vector<std::basic_string<char> >, std::pair<std::vector<int>, std::vector<int> > >’ is not derived from ‘const std::vector<cv::Point3_<_Tp> >’
  cout<<testing[0]<<endl;
                 ^
In file included from /usr/local/include/opencv2/core.hpp:3217:0,
                 from /usr/local/include/opencv2/core/core.hpp:48,
                 from ../src/main.cpp:10:
/usr/local/include/opencv2/core/cvstd.inl.hpp:199:15: note: template<class _Tp> std::ostream& cv::operator<<(std::ostream&, const std::vector<cv::Point_<_Tp> >&)
 std::ostream& operator << (std::ostream& out, const std::vector<Point_<_Tp> >& vec)
               ^
/usr/local/include/opencv2/core/cvstd.inl.hpp:199:15: note:   template argument deduction/substitution failed:
../src/main.cpp:104:17: note:   ‘std::pair<std::vector<std::basic_string<char> >, std::pair<std::vector<int>, std::vector<int> > >’ is not derived from ‘const std::vector<cv::Point_<_Tp> >’
  cout<<testing[0]<<endl;
                 ^
In file included from /usr/local/include/opencv2/core.hpp:3217:0,
                 from /usr/local/include/opencv2/core/core.hpp:48,
                 from ../src/main.cpp:10:
/usr/local/include/opencv2/core/cvstd.inl.hpp:193:15: note: template<class _Tp> std::ostream& cv::operator<<(std::ostream&, const cv::Complex<_Tp>&)
 std::ostream& operator << (std::ostream& out, const Complex<_Tp>& c)
               ^
/usr/local/include/opencv2/core/cvstd.inl.hpp:193:15: note:   template argument deduction/substitution failed:
../src/main.cpp:104:17: note:   ‘std::pair<std::vector<std::basic_string<char> >, std::pair<std::vector<int>, std::vector<int> > >’ is not derived from ‘const cv::Complex<_Tp>’
  cout<<testing[0]<<endl;
                 ^
In file included from /usr/local/include/opencv2/core.hpp:3217:0,
                 from /usr/local/include/opencv2/core/core.hpp:48,
                 from ../src/main.cpp:10:
/usr/local/include/opencv2/core/cvstd.inl.hpp:187:15: note: std::ostream& cv::operator<<(std::ostream&, const cv::UMat&)
 std::ostream& operator << (std::ostream& out, const UMat& m)
               ^
/usr/local/include/opencv2/core/cvstd.inl.hpp:187:15: note:   no known conversion for argument 2 from ‘std::pair<std::vector<std::basic_string<char> >, std::pair<std::vector<int>, std::vector<int> > >’ to ‘const cv::UMat&’
/usr/local/include/opencv2/core/cvstd.inl.hpp:181:15: note: std::ostream& cv::operator<<(std::ostream&, const cv::Mat&)
 std::ostream& operator << (std::ostream& out, const Mat& mtx)
               ^
/usr/local/include/opencv2/core/cvstd.inl.hpp:181:15: note:   no known conversion for argument 2 from ‘std::pair<std::vector<std::basic_string<char> >, std::pair<std::vector<int>, std::vector<int> > >’ to ‘const cv::Mat&’
/usr/local/include/opencv2/core/cvstd.inl.hpp:172:15: note: std::ostream& cv::operator<<(std::ostream&, cv::Ptr<cv::Formatted>)
 std::ostream& operator << (std::ostream& out, Ptr<Formatted> fmtd)
               ^
/usr/local/include/opencv2/core/cvstd.inl.hpp:172:15: note:   no known conversion for argument 2 from ‘std::pair<std::vector<std::basic_string<char> >, std::pair<std::vector<int>, std::vector<int> > >’ to ‘cv::Ptr<cv::Formatted>’
/usr/local/include/opencv2/core/cvstd.inl.hpp:166:15: note: std::ostream& cv::operator<<(std::ostream&, const cv::String&)
 std::ostream& operator << (std::ostream& os, const String& str)
               ^
/usr/local/include/opencv2/core/cvstd.inl.hpp:166:15: note:   no known conversion for argument 2 from ‘std::pair<std::vector<std::basic_string<char> >, std::pair<std::vector<int>, std::vector<int> > >’ to ‘const cv::String&’
In file included from /usr/local/include/opencv2/core/core.hpp:48:0,
                 from ../src/main.cpp:10:
/usr/local/include/opencv2/core.hpp:2978:9: note: cv::String& cv::operator<<(cv::String&, const cv::Mat&)
 String& operator << (String& out, const Mat& mtx)
         ^
/usr/local/include/opencv2/core.hpp:2978:9: note:   no known conversion for argument 1 from ‘std::ostream {aka std::basic_ostream<char>}’ to ‘cv::String&’
/usr/local/include/opencv2/core.hpp:2969:9: note: cv::String& cv::operator<<(cv::String&, cv::Ptr<cv::Formatted>)
 String& operator << (String& out, Ptr<Formatted> fmtd)
         ^
/usr/local/include/opencv2/core.hpp:2969:9: note:   no known conversion for argument 1 from ‘std::ostream {aka std::basic_ostream<char>}’ to ‘cv::String&’
In file included from /usr/local/include/opencv2/core.hpp:60:0,
                 from /usr/local/include/opencv2/core/core.hpp:48,
                 from ../src/main.cpp:10:
/usr/local/include/opencv2/core/persistence.hpp:1203:14: note: cv::FileStorage& cv::operator<<(cv::FileStorage&, char*)
 FileStorage& operator << (FileStorage& fs, char* value)
              ^
/usr/local/include/opencv2/core/persistence.hpp:1203:14: note:   no known conversion for argument 1 from ‘std::ostream {aka std::basic_ostream<char>}’ to ‘cv::FileStorage&’
/usr/local/include/opencv2/core/persistence.hpp:1195:14: note: cv::FileStorage& cv::operator<<(cv::FileStorage&, const char*)
 FileStorage& operator << (FileStorage& fs, const char* str)
              ^
/usr/local/include/opencv2/core/persistence.hpp:1195:14: note:   no known conversion for argument 1 from ‘std::ostream {aka std::basic_ostream<char>}’ to ‘cv::FileStorage&’
/usr/local/include/opencv2/core/persistence.hpp:1180:14: note: template<class _Tp> cv::FileStorage& cv::operator<<(cv::FileStorage&, const _Tp&)
 FileStorage& operator << (FileStorage& fs, const _Tp& value)
              ^
/usr/local/include/opencv2/core/persistence.hpp:1180:14: note:   template argument deduction/substitution failed:
../src/main.cpp:104:17: note:   cannot convert ‘std::cout’ (type ‘std::ostream {aka std::basic_ostream<char>}’) to type ‘cv::FileStorage&’
  cout<<testing[0]<<endl;
                 ^
In file included from /usr/local/include/opencv2/core.hpp:60:0,
                 from /usr/local/include/opencv2/core/core.hpp:48,
                 from ../src/main.cpp:10:
/usr/local/include/opencv2/core/persistence.hpp:779:25: note: cv::FileStorage& cv::operator<<(cv::FileStorage&, const cv::String&)
 CV_EXPORTS FileStorage& operator << (FileStorage& fs, const String& str);
                         ^
/usr/local/include/opencv2/core/persistence.hpp:779:25: note:   no known conversion for argument 1 from ‘std::ostream {aka std::basic_ostream<char>}’ to ‘cv::FileStorage&’
In file included from /usr/local/include/opencv2/core/mat.hpp:3611:0,
                 from /usr/local/include/opencv2/core.hpp:59,
                 from /usr/local/include/opencv2/core/core.hpp:48,
                 from ../src/main.cpp:10:
/usr/local/include/opencv2/core/mat.inl.hpp:3219:27: note: template<class _Tp, class T2> cv::MatCommaInitializer_<_Tp> cv::operator<<(const cv::Mat_<_Tp>&, T2)
 MatCommaInitializer_<_Tp> operator << (const Mat_<_Tp>& m, T2 val)
                           ^
/usr/local/include/opencv2/core/mat.inl.hpp:3219:27: note:   template argument deduction/substitution failed:
../src/main.cpp:104:17: note:   ‘std::ostream {aka std::basic_ostream<char>}’ is not derived from ‘const cv::Mat_<_Tp>’
  cout<<testing[0]<<endl;
                 ^
In file included from /usr/local/include/opencv2/core.hpp:57:0,
                 from /usr/local/include/opencv2/core/core.hpp:48,
                 from ../src/main.cpp:10:
/usr/local/include/opencv2/core/matx.hpp:1088:30: note: template<class _Tp, class _T2, int cn> cv::VecCommaInitializer<_Tp, cn> cv::operator<<(const cv::Vec<_Tp, n>&, _T2)
 VecCommaInitializer<_Tp, cn> operator << (const Vec<_Tp, cn>& vec, _T2 val)
                              ^
/usr/local/include/opencv2/core/matx.hpp:1088:30: note:   template argument deduction/substitution failed:
../src/main.cpp:104:17: note:   ‘std::ostream {aka std::basic_ostream<char>}’ is not derived from ‘const cv::Vec<_Tp, n>’
  cout<<testing[0]<<endl;
                 ^
In file included from /usr/local/include/opencv2/core.hpp:57:0,
                 from /usr/local/include/opencv2/core/core.hpp:48,
                 from ../src/main.cpp:10:
/usr/local/include/opencv2/core/matx.hpp:879:33: note: template<class _Tp, class _T2, int m, int n> cv::MatxCommaInitializer<_Tp, m, n> cv::operator<<(const cv::Matx<_Tp, m, n>&, _T2)
 MatxCommaInitializer<_Tp, m, n> operator << (const Matx<_Tp, m, n>& mtx, _T2 val)
                                 ^
/usr/local/include/opencv2/core/matx.hpp:879:33: note:   template argument deduction/substitution failed:
../src/main.cpp:104:17: note:   ‘std::ostream {aka std::basic_ostream<char>}’ is not derived from ‘const cv::Matx<_Tp, m, n>’
  cout<<testing[0]<<endl;
                 ^
In file included from /usr/local/include/opencv2/flann/lsh_table.h:40:0,
                 from /usr/local/include/opencv2/flann/lsh_index.h:49,
                 from /usr/local/include/opencv2/flann/all_indices.h:42,
                 from /usr/local/include/opencv2/flann/flann_base.hpp:43,
                 from /usr/local/include/opencv2/flann.hpp:48,
                 from /usr/local/include/opencv2/opencv.hpp:62,
                 from ../src/main.cpp:13:
/usr/include/c++/4.8/iomanip:235:5: note: template<class _CharT, class _Traits> std::basic_ostream<_CharT, _Traits>& std::operator<<(std::basic_ostream<_CharT, _Traits>&, std::_Setw)
     operator<<(basic_ostream<_CharT, _Traits>& __os, _Setw __f)
     ^
/usr/include/c++/4.8/iomanip:235:5: note:   template argument deduction/substitution failed:
../src/main.cpp:104:17: note:   cannot convert ‘testing.std::vector<_Tp, _Alloc>::operator[]<std::pair<std::vector<std::basic_string<char> >, std::pair<std::vector<int>, std::vector<int> > >, std::allocator<std::pair<std::vector<std::basic_string<char> >, std::pair<std::vector<int>, std::vector<int> > > > >(0ul)’ (type ‘std::pair<std::vector<std::basic_string<char> >, std::pair<std::vector<int>, std::vector<int> > >’) to type ‘std::_Setw’
  cout<<testing[0]<<endl;
                 ^
In file included from /usr/local/include/opencv2/flann/lsh_table.h:40:0,
                 from /usr/local/include/opencv2/flann/lsh_index.h:49,
                 from /usr/local/include/opencv2/flann/all_indices.h:42,
                 from /usr/local/include/opencv2/flann/flann_base.hpp:43,
                 from /usr/local/include/opencv2/flann.hpp:48,
                 from /usr/local/include/opencv2/opencv.hpp:62,
                 from ../src/main.cpp:13:
/usr/include/c++/4.8/iomanip:205:5: note: template<class _CharT, class _Traits> std::basic_ostream<_CharT, _Traits>& std::operator<<(std::basic_ostream<_CharT, _Traits>&, std::_Setprecision)
     operator<<(basic_ostream<_CharT, _Traits>& __os, _Setprecision __f)
     ^
/usr/include/c++/4.8/iomanip:205:5: note:   template argument deduction/substitution failed:
../src/main.cpp:104:17: note:   cannot convert ‘testing.std::vector<_Tp, _Alloc>::operator[]<std::pair<std::vector<std::basic_string<char> >, std::pair<std::vector<int>, std::vector<int> > >, std::allocator<std::pair<std::vector<std::basic_string<char> >, std::pair<std::vector<int>, std::vector<int> > > > >(0ul)’ (type ‘std::pair<std::vector<std::basic_string<char> >, std::pair<std::vector<int>, std::vector<int> > >’) to type ‘std::_Setprecision’
  cout<<testing[0]<<endl;
                 ^
In file included from /usr/local/include/opencv2/flann/lsh_table.h:40:0,
                 from /usr/local/include/opencv2/flann/lsh_index.h:49,
                 from /usr/local/include/opencv2/flann/all_indices.h:42,
                 from /usr/local/include/opencv2/flann/flann_base.hpp:43,
                 from /usr/local/include/opencv2/flann.hpp:48,
                 from /usr/local/include/opencv2/opencv.hpp:62,
                 from ../src/main.cpp:13:
/usr/include/c++/4.8/iomanip:175:5: note: template<class _CharT, class _Traits> std::basic_ostream<_CharT, _Traits>& std::operator<<(std::basic_ostream<_CharT, _Traits>&, std::_Setfill<_CharT>)
     operator<<(basic_ostream<_CharT, _Traits>& __os, _Setfill<_CharT> __f)
     ^
/usr/include/c++/4.8/iomanip:175:5: note:   template argument deduction/substitution failed:
../src/main.cpp:104:17: note:   ‘std::pair<std::vector<std::basic_string<char> >, std::pair<std::vector<int>, std::vector<int> > >’ is not derived from ‘std::_Setfill<_CharT>’
  cout<<testing[0]<<endl;
                 ^
In file included from /usr/local/include/opencv2/flann/lsh_table.h:40:0,
                 from /usr/local/include/opencv2/flann/lsh_index.h:49,
                 from /usr/local/include/opencv2/flann/all_indices.h:42,
                 from /usr/local/include/opencv2/flann/flann_base.hpp:43,
                 from /usr/local/include/opencv2/flann.hpp:48,
                 from /usr/local/include/opencv2/opencv.hpp:62,
                 from ../src/main.cpp:13:
/usr/include/c++/4.8/iomanip:140:5: note: template<class _CharT, class _Traits> std::basic_ostream<_CharT, _Traits>& std::operator<<(std::basic_ostream<_CharT, _Traits>&, std::_Setbase)
     operator<<(basic_ostream<_CharT, _Traits>& __os, _Setbase __f)
     ^
/usr/include/c++/4.8/iomanip:140:5: note:   template argument deduction/substitution failed:
../src/main.cpp:104:17: note:   cannot convert ‘testing.std::vector<_Tp, _Alloc>::operator[]<std::pair<std::vector<std::basic_string<char> >, std::pair<std::vector<int>, std::vector<int> > >, std::allocator<std::pair<std::vector<std::basic_string<char> >, std::pair<std::vector<int>, std::vector<int> > > > >(0ul)’ (type ‘std::pair<std::vector<std::basic_string<char> >, std::pair<std::vector<int>, std::vector<int> > >’) to type ‘std::_Setbase’
  cout<<testing[0]<<endl;
                 ^
In file included from /usr/local/include/opencv2/flann/lsh_table.h:40:0,
                 from /usr/local/include/opencv2/flann/lsh_index.h:49,
                 from /usr/local/include/opencv2/flann/all_indices.h:42,
                 from /usr/local/include/opencv2/flann/flann_base.hpp:43,
                 from /usr/local/include/opencv2/flann.hpp:48,
                 from /usr/local/include/opencv2/opencv.hpp:62,
                 from ../src/main.cpp:13:
/usr/include/c++/4.8/iomanip:106:5: note: template<class _CharT, class _Traits> std::basic_ostream<_CharT, _Traits>& std::operator<<(std::basic_ostream<_CharT, _Traits>&, std::_Setiosflags)
     operator<<(basic_ostream<_CharT, _Traits>& __os, _Setiosflags __f)
     ^
/usr/include/c++/4.8/iomanip:106:5: note:   template argument deduction/substitution failed:
../src/main.cpp:104:17: note:   cannot convert ‘testing.std::vector<_Tp, _Alloc>::operator[]<std::pair<std::vector<std::basic_string<char> >, std::pair<std::vector<int>, std::vector<int> > >, std::allocator<std::pair<std::vector<std::basic_string<char> >, std::pair<std::vector<int>, std::vector<int> > > > >(0ul)’ (type ‘std::pair<std::vector<std::basic_string<char> >, std::pair<std::vector<int>, std::vector<int> > >’) to type ‘std::_Setiosflags’
  cout<<testing[0]<<endl;
                 ^
In file included from /usr/local/include/opencv2/flann/lsh_table.h:40:0,
                 from /usr/local/include/opencv2/flann/lsh_index.h:49,
                 from /usr/local/include/opencv2/flann/all_indices.h:42,
                 from /usr/local/include/opencv2/flann/flann_base.hpp:43,
                 from /usr/local/include/opencv2/flann.hpp:48,
                 from /usr/local/include/opencv2/opencv.hpp:62,
                 from ../src/main.cpp:13:
/usr/include/c++/4.8/iomanip:76:5: note: template<class _CharT, class _Traits> std::basic_ostream<_CharT, _Traits>& std::operator<<(std::basic_ostream<_CharT, _Traits>&, std::_Resetiosflags)
     operator<<(basic_ostream<_CharT, _Traits>& __os, _Resetiosflags __f)
     ^
/usr/include/c++/4.8/iomanip:76:5: note:   template argument deduction/substitution failed:
../src/main.cpp:104:17: note:   cannot convert ‘testing.std::vector<_Tp, _Alloc>::operator[]<std::pair<std::vector<std::basic_string<char> >, std::pair<std::vector<int>, std::vector<int> > >, std::allocator<std::pair<std::vector<std::basic_string<char> >, std::pair<std::vector<int>, std::vector<int> > > > >(0ul)’ (type ‘std::pair<std::vector<std::basic_string<char> >, std::pair<std::vector<int>, std::vector<int> > >’) to type ‘std::_Resetiosflags’
  cout<<testing[0]<<endl;
                 ^
In file included from /usr/local/include/opencv2/core/cvstd.inl.hpp:48:0,
                 from /usr/local/include/opencv2/core.hpp:3217,
                 from /usr/local/include/opencv2/core/core.hpp:48,
                 from ../src/main.cpp:10:
/usr/include/c++/4.8/complex:524:5: note: template<class _Tp, class _CharT, class _Traits> std::basic_ostream<_CharT, _Traits>& std::operator<<(std::basic_ostream<_CharT, _Traits>&, const std::complex<_Tp>&)
     operator<<(basic_ostream<_CharT, _Traits>& __os, const complex<_Tp>& __x)
     ^
/usr/include/c++/4.8/complex:524:5: note:   template argument deduction/substitution failed:
../src/main.cpp:104:17: note:   ‘std::pair<std::vector<std::basic_string<char> >, std::pair<std::vector<int>, std::vector<int> > >’ is not derived from ‘const std::complex<_Tp>’
  cout<<testing[0]<<endl;
                 ^
In file included from /usr/include/c++/4.8/iostream:39:0,
                 from ../src/main.cpp:9:
/usr/include/c++/4.8/ostream:548:5: note: template<class _Traits> std::basic_ostream<char, _Traits>& std::operator<<(std::basic_ostream<char, _Traits>&, const unsigned char*)
     operator<<(basic_ostream<char, _Traits>& __out, const unsigned char* __s)
     ^
/usr/include/c++/4.8/ostream:548:5: note:   template argument deduction/substitution failed:
../src/main.cpp:104:17: note:   cannot convert ‘testing.std::vector<_Tp, _Alloc>::operator[]<std::pair<std::vector<std::basic_string<char> >, std::pair<std::vector<int>, std::vector<int> > >, std::allocator<std::pair<std::vector<std::basic_string<char> >, std::pair<std::vector<int>, std::vector<int> > > > >(0ul)’ (type ‘std::pair<std::vector<std::basic_string<char> >, std::pair<std::vector<int>, std::vector<int> > >’) to type ‘const unsigned char*’
  cout<<testing[0]<<endl;
                 ^
In file included from /usr/include/c++/4.8/iostream:39:0,
                 from ../src/main.cpp:9:
/usr/include/c++/4.8/ostream:543:5: note: template<class _Traits> std::basic_ostream<char, _Traits>& std::operator<<(std::basic_ostream<char, _Traits>&, const signed char*)
     operator<<(basic_ostream<char, _Traits>& __out, const signed char* __s)
     ^
/usr/include/c++/4.8/ostream:543:5: note:   template argument deduction/substitution failed:
../src/main.cpp:104:17: note:   cannot convert ‘testing.std::vector<_Tp, _Alloc>::operator[]<std::pair<std::vector<std::basic_string<char> >, std::pair<std::vector<int>, std::vector<int> > >, std::allocator<std::pair<std::vector<std::basic_string<char> >, std::pair<std::vector<int>, std::vector<int> > > > >(0ul)’ (type ‘std::pair<std::vector<std::basic_string<char> >, std::pair<std::vector<int>, std::vector<int> > >’) to type ‘const signed char*’
  cout<<testing[0]<<endl;
                 ^
In file included from /usr/include/c++/4.8/iostream:39:0,
                 from ../src/main.cpp:9:
/usr/include/c++/4.8/ostream:530:5: note: template<class _Traits> std::basic_ostream<char, _Traits>& std::operator<<(std::basic_ostream<char, _Traits>&, const char*)
     operator<<(basic_ostream<char, _Traits>& __out, const char* __s)
     ^
/usr/include/c++/4.8/ostream:530:5: note:   template argument deduction/substitution failed:
../src/main.cpp:104:17: note:   cannot convert ‘testing.std::vector<_Tp, _Alloc>::operator[]<std::pair<std::vector<std::basic_string<char> >, std::pair<std::vector<int>, std::vector<int> > >, std::allocator<std::pair<std::vector<std::basic_string<char> >, std::pair<std::vector<int>, std::vector<int> > > > >(0ul)’ (type ‘std::pair<std::vector<std::basic_string<char> >, std::pair<std::vector<int>, std::vector<int> > >’) to type ‘const char*’
  cout<<testing[0]<<endl;
                 ^
In file included from /usr/include/c++/4.8/ostream:612:0,
                 from /usr/include/c++/4.8/iostream:39,
                 from ../src/main.cpp:9:
/usr/include/c++/4.8/bits/ostream.tcc:321:5: note: template<class _CharT, class _Traits> std::basic_ostream<_CharT, _Traits>& std::operator<<(std::basic_ostream<_CharT, _Traits>&, const char*)
     operator<<(basic_ostream<_CharT, _Traits>& __out, const char* __s)
     ^
/usr/include/c++/4.8/bits/ostream.tcc:321:5: note:   template argument deduction/substitution failed:
../src/main.cpp:104:17: note:   cannot convert ‘testing.std::vector<_Tp, _Alloc>::operator[]<std::pair<std::vector<std::basic_string<char> >, std::pair<std::vector<int>, std::vector<int> > >, std::allocator<std::pair<std::vector<std::basic_string<char> >, std::pair<std::vector<int>, std::vector<int> > > > >(0ul)’ (type ‘std::pair<std::vector<std::basic_string<char> >, std::pair<std::vector<int>, std::vector<int> > >’) to type ‘const char*’
  cout<<testing[0]<<endl;
                 ^
In file included from /usr/include/c++/4.8/iostream:39:0,
                 from ../src/main.cpp:9:
/usr/include/c++/4.8/ostream:513:5: note: template<class _CharT, class _Traits> std::basic_ostream<_CharT, _Traits>& std::operator<<(std::basic_ostream<_CharT, _Traits>&, const _CharT*)
     operator<<(basic_ostream<_CharT, _Traits>& __out, const _CharT* __s)
     ^
/usr/include/c++/4.8/ostream:513:5: note:   template argument deduction/substitution failed:
../src/main.cpp:104:17: note:   mismatched types ‘const _CharT*’ and ‘std::pair<std::vector<std::basic_string<char> >, std::pair<std::vector<int>, std::vector<int> > >’
  cout<<testing[0]<<endl;
                 ^
In file included from /usr/include/c++/4.8/iostream:39:0,
                 from ../src/main.cpp:9:
/usr/include/c++/4.8/ostream:493:5: note: template<class _Traits> std::basic_ostream<char, _Traits>& std::operator<<(std::basic_ostream<char, _Traits>&, unsigned char)
     operator<<(basic_ostream<char, _Traits>& __out, unsigned char __c)
     ^
/usr/include/c++/4.8/ostream:493:5: note:   template argument deduction/substitution failed:
../src/main.cpp:104:17: note:   cannot convert ‘testing.std::vector<_Tp, _Alloc>::operator[]<std::pair<std::vector<std::basic_string<char> >, std::pair<std::vector<int>, std::vector<int> > >, std::allocator<std::pair<std::vector<std::basic_string<char> >, std::pair<std::vector<int>, std::vector<int> > > > >(0ul)’ (type ‘std::pair<std::vector<std::basic_string<char> >, std::pair<std::vector<int>, std::vector<int> > >’) to type ‘unsigned char’
  cout<<testing[0]<<endl;
                 ^
In file included from /usr/include/c++/4.8/iostream:39:0,
                 from ../src/main.cpp:9:
/usr/include/c++/4.8/ostream:488:5: note: template<class _Traits> std::basic_ostream<char, _Traits>& std::operator<<(std::basic_ostream<char, _Traits>&, signed char)
     operator<<(basic_ostream<char, _Traits>& __out, signed char __c)
     ^
/usr/include/c++/4.8/ostream:488:5: note:   template argument deduction/substitution failed:
../src/main.cpp:104:17: note:   cannot convert ‘testing.std::vector<_Tp, _Alloc>::operator[]<std::pair<std::vector<std::basic_string<char> >, std::pair<std::vector<int>, std::vector<int> > >, std::allocator<std::pair<std::vector<std::basic_string<char> >, std::pair<std::vector<int>, std::vector<int> > > > >(0ul)’ (type ‘std::pair<std::vector<std::basic_string<char> >, std::pair<std::vector<int>, std::vector<int> > >’) to type ‘signed char’
  cout<<testing[0]<<endl;
                 ^
In file included from /usr/include/c++/4.8/iostream:39:0,
                 from ../src/main.cpp:9:
/usr/include/c++/4.8/ostream:482:5: note: template<class _Traits> std::basic_ostream<char, _Traits>& std::operator<<(std::basic_ostream<char, _Traits>&, char)
     operator<<(basic_ostream<char, _Traits>& __out, char __c)
     ^
/usr/include/c++/4.8/ostream:482:5: note:   template argument deduction/substitution failed:
../src/main.cpp:104:17: note:   cannot convert ‘testing.std::vector<_Tp, _Alloc>::operator[]<std::pair<std::vector<std::basic_string<char> >, std::pair<std::vector<int>, std::vector<int> > >, std::allocator<std::pair<std::vector<std::basic_string<char> >, std::pair<std::vector<int>, std::vector<int> > > > >(0ul)’ (type ‘std::pair<std::vector<std::basic_string<char> >, std::pair<std::vector<int>, std::vector<int> > >’) to type ‘char’
  cout<<testing[0]<<endl;
                 ^
In file included from /usr/include/c++/4.8/iostream:39:0,
                 from ../src/main.cpp:9:
/usr/include/c++/4.8/ostream:476:5: note: template<class _CharT, class _Traits> std::basic_ostream<_CharT, _Traits>& std::operator<<(std::basic_ostream<_CharT, _Traits>&, char)
     operator<<(basic_ostream<_CharT, _Traits>& __out, char __c)
     ^
/usr/include/c++/4.8/ostream:476:5: note:   template argument deduction/substitution failed:
../src/main.cpp:104:17: note:   cannot convert ‘testing.std::vector<_Tp, _Alloc>::operator[]<std::pair<std::vector<std::basic_string<char> >, std::pair<std::vector<int>, std::vector<int> > >, std::allocator<std::pair<std::vector<std::basic_string<char> >, std::pair<std::vector<int>, std::vector<int> > > > >(0ul)’ (type ‘std::pair<std::vector<std::basic_string<char> >, std::pair<std::vector<int>, std::vector<int> > >’) to type ‘char’
  cout<<testing[0]<<endl;
                 ^
In file included from /usr/include/c++/4.8/iostream:39:0,
                 from ../src/main.cpp:9:
/usr/include/c++/4.8/ostream:471:5: note: template<class _CharT, class _Traits> std::basic_ostream<_CharT, _Traits>& std::operator<<(std::basic_ostream<_CharT, _Traits>&, _CharT)
     operator<<(basic_ostream<_CharT, _Traits>& __out, _CharT __c)
     ^
/usr/include/c++/4.8/ostream:471:5: note:   template argument deduction/substitution failed:
../src/main.cpp:104:17: note:   deduced conflicting types for parameter ‘_CharT’ (‘char’ and ‘std::pair<std::vector<std::basic_string<char> >, std::pair<std::vector<int>, std::vector<int> > >’)
  cout<<testing[0]<<endl;
                 ^
In file included from /usr/include/c++/4.8/string:52:0,
                 from /usr/include/c++/4.8/bits/locale_classes.h:40,
                 from /usr/include/c++/4.8/bits/ios_base.h:41,
                 from /usr/include/c++/4.8/ios:42,
                 from /usr/include/c++/4.8/ostream:38,
                 from /usr/include/c++/4.8/iostream:39,
                 from ../src/main.cpp:9:
/usr/include/c++/4.8/bits/basic_string.h:2753:5: note: template<class _CharT, class _Traits, class _Alloc> std::basic_ostream<_CharT, _Traits>& std::operator<<(std::basic_ostream<_CharT, _Traits>&, const std::basic_string<_CharT, _Traits, _Alloc>&)
     operator<<(basic_ostream<_CharT, _Traits>& __os,
     ^
/usr/include/c++/4.8/bits/basic_string.h:2753:5: note:   template argument deduction/substitution failed:
../src/main.cpp:104:17: note:   ‘std::pair<std::vector<std::basic_string<char> >, std::pair<std::vector<int>, std::vector<int> > >’ is not derived from ‘const std::basic_string<_CharT, _Traits, _Alloc>’
  cout<<testing[0]<<endl;
                 ^
make: *** [src/main.o] Error 1
00:10:29 **** Incremental Build of configuration Debug for project game_vision ****
make all 
Building file: ../src/main.cpp
Invoking: GCC C++ Compiler
g++ -I/usr/include/python2.7 -I/usr/include/boost/ -O0 -g3 -Wall -c -fmessage-length=0 -MMD -MP -MF"src/main.d" -MT"src/main.o" -o "src/main.o" "../src/main.cpp"
Finished building: ../src/main.cpp
 
Building target: game_vision
Invoking: GCC C++ Linker
g++ -L/usr/local/lib -lX11 -o "game_vision"  ./src/OCR.o ./src/SendDataToPython.o ./src/SeperateObjects.o ./src/featureextraction.o ./src/main.o ./src/yingyang.o   -lopencv_cudabgsegm -lopencv_cudaobjdetect -lopencv_cudastereo -lopencv_stitching -lopencv_cudafeatures2d -lopencv_superres -lopencv_cudacodec -lopencv_videostab -lopencv_cudaoptflow -lopencv_cudalegacy -lopencv_photo -lopencv_cudawarping -lopencv_cudaimgproc -lopencv_cudafilters -lopencv_aruco -lopencv_bgsegm -lopencv_bioinspired -lopencv_ccalib -lopencv_dpm -lopencv_face -lopencv_freetype -lopencv_fuzzy -lopencv_hdf -lopencv_line_descriptor -lopencv_optflow -lopencv_reg -lopencv_rgbd -lopencv_saliency -lopencv_stereo -lopencv_structured_light -lopencv_phase_unwrapping -lopencv_surface_matching -lopencv_tracking -lopencv_datasets -lopencv_text -lopencv_dnn -lopencv_plot -lopencv_ml -lopencv_xfeatures2d -lopencv_shape -lopencv_video -lopencv_cudaarithm -lopencv_ximgproc -lopencv_calib3d -lopencv_features2d -lopencv_highgui -lopencv_videoio -lopencv_flann -lopencv_xobjdetect -lopencv_imgcodecs -lopencv_objdetect -lopencv_xphoto -lopencv_imgproc -lopencv_core -lopencv_cudev -lboost_python -lboost_system -lpython2.7
Finished building target: game_vision
 
00:13:13 **** Incremental Build of configuration Debug for project game_vision ****
make all 
Building file: ../src/SendDataToPython.cpp
Invoking: GCC C++ Compiler
g++ -I/usr/include/python2.7 -I/usr/include/boost/ -O0 -g3 -Wall -c -fmessage-length=0 -MMD -MP -MF"src/SendDataToPython.d" -MT"src/SendDataToPython.o" -o "src/SendDataToPython.o" "../src/SendDataToPython.cpp"
Finished building: ../src/SendDataToPython.cpp
 
Building file: ../src/main.cpp
Invoking: GCC C++ Compiler
g++ -I/usr/include/python2.7 -I/usr/include/boost/ -O0 -g3 -Wall -c -fmessage-length=0 -MMD -MP -MF"src/main.d" -MT"src/main.o" -o "src/main.o" "../src/main.cpp"
../src/main.cpp: In function ‘boost::python::dict vision_analysis()’:
../src/main.cpp:96:174: error: no matching function for call to ‘SendDataToPython::objectInformationToDict(std::vector<std::vector<cv::KeyPoint> >&, std::vector<int>&, std::vector<int>&)’
   boost::python::dict send_to_python_the_dark_world = python_features_of_objects.objectInformationToDict(features_of_dark_world_objects, dark_x_coordinate, dark_y_coordinate);
                                                                                                                                                                              ^
../src/main.cpp:96:174: note: candidate is:
In file included from ../src/main.cpp:26:0:
../src/SendDataToPython.h:36:22: note: boost::python::dict SendDataToPython::objectInformationToDict(std::vector<std::vector<cv::KeyPoint> >, std::vector<int>, std::vector<int>, std::vector<std::pair<std::vector<std::basic_string<char> >, std::pair<std::vector<int>, std::vector<int> > > >)
  boost::python::dict objectInformationToDict(vector< vector<KeyPoint> > vectorToSend, vector<int>x_coordinate,vector<int>y_coordinate, vector < pair< vector<string>, pair< vector<int>,vector<int> > > > testing);
                      ^
../src/SendDataToPython.h:36:22: note:   candidate expects 4 arguments, 3 provided
make: *** [src/main.o] Error 1
00:13:54 **** Incremental Build of configuration Debug for project game_vision ****
make all 
Building file: ../src/main.cpp
Invoking: GCC C++ Compiler
g++ -I/usr/include/python2.7 -I/usr/include/boost/ -O0 -g3 -Wall -c -fmessage-length=0 -MMD -MP -MF"src/main.d" -MT"src/main.o" -o "src/main.o" "../src/main.cpp"
Finished building: ../src/main.cpp
 
Building target: game_vision
Invoking: GCC C++ Linker
g++ -L/usr/local/lib -lX11 -o "game_vision"  ./src/OCR.o ./src/SendDataToPython.o ./src/SeperateObjects.o ./src/featureextraction.o ./src/main.o ./src/yingyang.o   -lopencv_cudabgsegm -lopencv_cudaobjdetect -lopencv_cudastereo -lopencv_stitching -lopencv_cudafeatures2d -lopencv_superres -lopencv_cudacodec -lopencv_videostab -lopencv_cudaoptflow -lopencv_cudalegacy -lopencv_photo -lopencv_cudawarping -lopencv_cudaimgproc -lopencv_cudafilters -lopencv_aruco -lopencv_bgsegm -lopencv_bioinspired -lopencv_ccalib -lopencv_dpm -lopencv_face -lopencv_freetype -lopencv_fuzzy -lopencv_hdf -lopencv_line_descriptor -lopencv_optflow -lopencv_reg -lopencv_rgbd -lopencv_saliency -lopencv_stereo -lopencv_structured_light -lopencv_phase_unwrapping -lopencv_surface_matching -lopencv_tracking -lopencv_datasets -lopencv_text -lopencv_dnn -lopencv_plot -lopencv_ml -lopencv_xfeatures2d -lopencv_shape -lopencv_video -lopencv_cudaarithm -lopencv_ximgproc -lopencv_calib3d -lopencv_features2d -lopencv_highgui -lopencv_videoio -lopencv_flann -lopencv_xobjdetect -lopencv_imgcodecs -lopencv_objdetect -lopencv_xphoto -lopencv_imgproc -lopencv_core -lopencv_cudev -lboost_python -lboost_system -lpython2.7
Finished building target: game_vision
 
00:23:45 **** Incremental Build of configuration Debug for project game_vision ****
make all 
Building file: ../src/OCR.cpp
Invoking: GCC C++ Compiler
g++ -I/usr/include/python2.7 -I/usr/include/boost/ -O0 -g3 -Wall -c -fmessage-length=0 -MMD -MP -MF"src/OCR.d" -MT"src/OCR.o" -o "src/OCR.o" "../src/OCR.cpp"
Finished building: ../src/OCR.cpp
 
Building file: ../src/SendDataToPython.cpp
Invoking: GCC C++ Compiler
g++ -I/usr/include/python2.7 -I/usr/include/boost/ -O0 -g3 -Wall -c -fmessage-length=0 -MMD -MP -MF"src/SendDataToPython.d" -MT"src/SendDataToPython.o" -o "src/SendDataToPython.o" "../src/SendDataToPython.cpp"
Finished building: ../src/SendDataToPython.cpp
 
Building file: ../src/main.cpp
Invoking: GCC C++ Compiler
g++ -I/usr/include/python2.7 -I/usr/include/boost/ -O0 -g3 -Wall -c -fmessage-length=0 -MMD -MP -MF"src/main.d" -MT"src/main.o" -o "src/main.o" "../src/main.cpp"
../src/main.cpp: In function ‘boost::python::dict vision_analysis()’:
../src/main.cpp:96:183: error: no matching function for call to ‘SendDataToPython::objectInformationToDict(std::vector<std::vector<cv::KeyPoint> >&, std::vector<int>&, std::vector<int>&, std::pair<std::vector<std::basic_string<char> >, std::pair<std::vector<int>, std::vector<int> > >&)’
   boost::python::dict send_to_python_the_dark_world = python_features_of_objects.objectInformationToDict(features_of_dark_world_objects, dark_x_coordinate, dark_y_coordinate, testing);
                                                                                                                                                                                       ^
../src/main.cpp:96:183: note: candidate is:
In file included from ../src/main.cpp:26:0:
../src/SendDataToPython.h:36:22: note: boost::python::dict SendDataToPython::objectInformationToDict(std::vector<std::vector<cv::KeyPoint> >, std::vector<int>, std::vector<int>, std::vector<std::pair<std::vector<std::basic_string<char> >, std::pair<std::vector<int>, std::vector<int> > > >)
  boost::python::dict objectInformationToDict(vector< vector<KeyPoint> > vectorToSend, vector<int>x_coordinate,vector<int>y_coordinate, vector < pair< vector<string>, pair< vector<int>,vector<int> > > > testing);
                      ^
../src/SendDataToPython.h:36:22: note:   no known conversion for argument 4 from ‘std::pair<std::vector<std::basic_string<char> >, std::pair<std::vector<int>, std::vector<int> > >’ to ‘std::vector<std::pair<std::vector<std::basic_string<char> >, std::pair<std::vector<int>, std::vector<int> > > >’
make: *** [src/main.o] Error 1
00:24:38 **** Incremental Build of configuration Debug for project game_vision ****
make all 
Building file: ../src/main.cpp
Invoking: GCC C++ Compiler
g++ -I/usr/include/python2.7 -I/usr/include/boost/ -O0 -g3 -Wall -c -fmessage-length=0 -MMD -MP -MF"src/main.d" -MT"src/main.o" -o "src/main.o" "../src/main.cpp"
../src/main.cpp: In function ‘boost::python::dict vision_analysis()’:
../src/main.cpp:96:183: error: no matching function for call to ‘SendDataToPython::objectInformationToDict(std::vector<std::vector<cv::KeyPoint> >&, std::vector<int>&, std::vector<int>&, std::pair<std::vector<std::basic_string<char> >, std::pair<std::vector<int>, std::vector<int> > >&)’
   boost::python::dict send_to_python_the_dark_world = python_features_of_objects.objectInformationToDict(features_of_dark_world_objects, dark_x_coordinate, dark_y_coordinate, testing);
                                                                                                                                                                                       ^
../src/main.cpp:96:183: note: candidate is:
In file included from ../src/main.cpp:26:0:
../src/SendDataToPython.h:36:22: note: boost::python::dict SendDataToPython::objectInformationToDict(std::vector<std::vector<cv::KeyPoint> >, std::vector<int>, std::vector<int>, std::vector<std::pair<std::vector<std::basic_string<char> >, std::pair<std::vector<int>, std::vector<int> > > >)
  boost::python::dict objectInformationToDict(vector< vector<KeyPoint> > vectorToSend, vector<int>x_coordinate,vector<int>y_coordinate, vector < pair< vector<string>, pair< vector<int>,vector<int> > > > testing);
                      ^
../src/SendDataToPython.h:36:22: note:   no known conversion for argument 4 from ‘std::pair<std::vector<std::basic_string<char> >, std::pair<std::vector<int>, std::vector<int> > >’ to ‘std::vector<std::pair<std::vector<std::basic_string<char> >, std::pair<std::vector<int>, std::vector<int> > > >’
make: *** [src/main.o] Error 1
00:26:05 **** Incremental Build of configuration Debug for project game_vision ****
make all 
Building file: ../src/SendDataToPython.cpp
Invoking: GCC C++ Compiler
g++ -I/usr/include/python2.7 -I/usr/include/boost/ -O0 -g3 -Wall -c -fmessage-length=0 -MMD -MP -MF"src/SendDataToPython.d" -MT"src/SendDataToPython.o" -o "src/SendDataToPython.o" "../src/SendDataToPython.cpp"
../src/SendDataToPython.cpp:20:21: error: prototype for ‘boost::python::dict SendDataToPython::objectInformationToDict(std::vector<std::vector<cv::KeyPoint> >, std::vector<int>, std::vector<int>, std::vector<std::pair<std::vector<std::basic_string<char> >, std::pair<std::vector<int>, std::vector<int> > > >)’ does not match any in class ‘SendDataToPython’
 boost::python::dict SendDataToPython::objectInformationToDict(vector< vector<KeyPoint> > vectorToSend, vector<int>x_coordinate,vector<int>y_coordinate, vector < pair< vector<string>, pair< vector<int>,vector<int> > > > testing)
                     ^
In file included from ../src/SendDataToPython.cpp:8:0:
../src/SendDataToPython.h:36:22: error: candidate is: boost::python::dict SendDataToPython::objectInformationToDict(std::vector<std::vector<cv::KeyPoint> >, std::vector<int>, std::vector<int>, std::pair<std::vector<std::basic_string<char> >, std::pair<std::vector<int>, std::vector<int> > >)
  boost::python::dict objectInformationToDict(vector< vector<KeyPoint> > vectorToSend, vector<int>x_coordinate,vector<int>y_coordinate,  pair< vector<string>, pair< vector<int>,vector<int> > > testing);
                      ^
make: *** [src/SendDataToPython.o] Error 1
00:27:04 **** Incremental Build of configuration Debug for project game_vision ****
make all 
Building file: ../src/SendDataToPython.cpp
Invoking: GCC C++ Compiler
g++ -I/usr/include/python2.7 -I/usr/include/boost/ -O0 -g3 -Wall -c -fmessage-length=0 -MMD -MP -MF"src/SendDataToPython.d" -MT"src/SendDataToPython.o" -o "src/SendDataToPython.o" "../src/SendDataToPython.cpp"
Finished building: ../src/SendDataToPython.cpp
 
Building file: ../src/main.cpp
Invoking: GCC C++ Compiler
g++ -I/usr/include/python2.7 -I/usr/include/boost/ -O0 -g3 -Wall -c -fmessage-length=0 -MMD -MP -MF"src/main.d" -MT"src/main.o" -o "src/main.o" "../src/main.cpp"
Finished building: ../src/main.cpp
 
Building target: game_vision
Invoking: GCC C++ Linker
g++ -L/usr/local/lib -lX11 -o "game_vision"  ./src/OCR.o ./src/SendDataToPython.o ./src/SeperateObjects.o ./src/featureextraction.o ./src/main.o ./src/yingyang.o   -lopencv_cudabgsegm -lopencv_cudaobjdetect -lopencv_cudastereo -lopencv_stitching -lopencv_cudafeatures2d -lopencv_superres -lopencv_cudacodec -lopencv_videostab -lopencv_cudaoptflow -lopencv_cudalegacy -lopencv_photo -lopencv_cudawarping -lopencv_cudaimgproc -lopencv_cudafilters -lopencv_aruco -lopencv_bgsegm -lopencv_bioinspired -lopencv_ccalib -lopencv_dpm -lopencv_face -lopencv_freetype -lopencv_fuzzy -lopencv_hdf -lopencv_line_descriptor -lopencv_optflow -lopencv_reg -lopencv_rgbd -lopencv_saliency -lopencv_stereo -lopencv_structured_light -lopencv_phase_unwrapping -lopencv_surface_matching -lopencv_tracking -lopencv_datasets -lopencv_text -lopencv_dnn -lopencv_plot -lopencv_ml -lopencv_xfeatures2d -lopencv_shape -lopencv_video -lopencv_cudaarithm -lopencv_ximgproc -lopencv_calib3d -lopencv_features2d -lopencv_highgui -lopencv_videoio -lopencv_flann -lopencv_xobjdetect -lopencv_imgcodecs -lopencv_objdetect -lopencv_xphoto -lopencv_imgproc -lopencv_core -lopencv_cudev -lboost_python -lboost_system -lpython2.7
Finished building target: game_vision
 
00:41:20 **** Incremental Build of configuration Debug for project game_vision ****
make all 
Building file: ../src/SendDataToPython.cpp
Invoking: GCC C++ Compiler
g++ -I/usr/include/python2.7 -I/usr/include/boost/ -O0 -g3 -Wall -c -fmessage-length=0 -MMD -MP -MF"src/SendDataToPython.d" -MT"src/SendDataToPython.o" -o "src/SendDataToPython.o" "../src/SendDataToPython.cpp"
../src/SendDataToPython.cpp: In member function ‘boost::python::dict SendDataToPython::objectInformationToDict(std::vector<std::vector<cv::KeyPoint> >, std::vector<int>, std::vector<int>, std::pair<std::vector<std::basic_string<char> >, std::pair<std::vector<int>, std::vector<int> > >)’:
../src/SendDataToPython.cpp:68:38: warning: comparison between signed and unsigned integer expressions [-Wsign-compare]
  for(int i = 0; i<testing.first.size();i++)
                                      ^
Finished building: ../src/SendDataToPython.cpp
 
Building target: game_vision
Invoking: GCC C++ Linker
g++ -L/usr/local/lib -lX11 -o "game_vision"  ./src/OCR.o ./src/SendDataToPython.o ./src/SeperateObjects.o ./src/featureextraction.o ./src/main.o ./src/yingyang.o   -lopencv_cudabgsegm -lopencv_cudaobjdetect -lopencv_cudastereo -lopencv_stitching -lopencv_cudafeatures2d -lopencv_superres -lopencv_cudacodec -lopencv_videostab -lopencv_cudaoptflow -lopencv_cudalegacy -lopencv_photo -lopencv_cudawarping -lopencv_cudaimgproc -lopencv_cudafilters -lopencv_aruco -lopencv_bgsegm -lopencv_bioinspired -lopencv_ccalib -lopencv_dpm -lopencv_face -lopencv_freetype -lopencv_fuzzy -lopencv_hdf -lopencv_line_descriptor -lopencv_optflow -lopencv_reg -lopencv_rgbd -lopencv_saliency -lopencv_stereo -lopencv_structured_light -lopencv_phase_unwrapping -lopencv_surface_matching -lopencv_tracking -lopencv_datasets -lopencv_text -lopencv_dnn -lopencv_plot -lopencv_ml -lopencv_xfeatures2d -lopencv_shape -lopencv_video -lopencv_cudaarithm -lopencv_ximgproc -lopencv_calib3d -lopencv_features2d -lopencv_highgui -lopencv_videoio -lopencv_flann -lopencv_xobjdetect -lopencv_imgcodecs -lopencv_objdetect -lopencv_xphoto -lopencv_imgproc -lopencv_core -lopencv_cudev -lboost_python -lboost_system -lpython2.7
Finished building target: game_vision
 
00:57:31 **** Incremental Build of configuration Debug for project game_vision ****
make all 
Building file: ../src/SendDataToPython.cpp
Invoking: GCC C++ Compiler
g++ -I/usr/include/python2.7 -I/usr/include/boost/ -O0 -g3 -Wall -c -fmessage-length=0 -MMD -MP -MF"src/SendDataToPython.d" -MT"src/SendDataToPython.o" -o "src/SendDataToPython.o" "../src/SendDataToPython.cpp"
../src/SendDataToPython.cpp: In member function ‘boost::python::dict SendDataToPython::objectInformationToDict(std::vector<std::vector<cv::KeyPoint> >, std::vector<int>, std::vector<int>, std::pair<std::vector<std::basic_string<char> >, std::pair<std::vector<int>, std::vector<int> > >)’:
../src/SendDataToPython.cpp:68:6: error: ‘uint32’ was not declared in this scope
  for(uint32 i = 0; i<testing.first.size();i++)
      ^
../src/SendDataToPython.cpp:68:13: error: expected ‘;’ before ‘i’
  for(uint32 i = 0; i<testing.first.size();i++)
             ^
../src/SendDataToPython.cpp:68:41: warning: comparison between signed and unsigned integer expressions [-Wsign-compare]
  for(uint32 i = 0; i<testing.first.size();i++)
                                         ^
../src/SendDataToPython.cpp:74:43: warning: comparison between signed and unsigned integer expressions [-Wsign-compare]
  for (int i = 0; i<wordXYPairs.first.size();i++)
                                           ^
make: *** [src/SendDataToPython.o] Error 1
00:58:49 **** Incremental Build of configuration Debug for project game_vision ****
make all 
Building file: ../src/SendDataToPython.cpp
Invoking: GCC C++ Compiler
g++ -I/usr/include/python2.7 -I/usr/include/boost/ -O0 -g3 -Wall -c -fmessage-length=0 -MMD -MP -MF"src/SendDataToPython.d" -MT"src/SendDataToPython.o" -o "src/SendDataToPython.o" "../src/SendDataToPython.cpp"
../src/SendDataToPython.cpp: In member function ‘boost::python::dict SendDataToPython::objectInformationToDict(std::vector<std::vector<cv::KeyPoint> >, std::vector<int>, std::vector<int>, std::pair<std::vector<std::basic_string<char> >, std::pair<std::vector<int>, std::vector<int> > >)’:
../src/SendDataToPython.cpp:68:6: error: ‘uint_32’ was not declared in this scope
  for(uint_32 i = 0; i<testing.first.size();i++)
      ^
../src/SendDataToPython.cpp:68:14: error: expected ‘;’ before ‘i’
  for(uint_32 i = 0; i<testing.first.size();i++)
              ^
../src/SendDataToPython.cpp:68:42: warning: comparison between signed and unsigned integer expressions [-Wsign-compare]
  for(uint_32 i = 0; i<testing.first.size();i++)
                                          ^
../src/SendDataToPython.cpp:74:43: warning: comparison between signed and unsigned integer expressions [-Wsign-compare]
  for (int i = 0; i<wordXYPairs.first.size();i++)
                                           ^
make: *** [src/SendDataToPython.o] Error 1
00:58:54 **** Incremental Build of configuration Debug for project game_vision ****
make all 
Building file: ../src/SendDataToPython.cpp
Invoking: GCC C++ Compiler
g++ -I/usr/include/python2.7 -I/usr/include/boost/ -O0 -g3 -Wall -c -fmessage-length=0 -MMD -MP -MF"src/SendDataToPython.d" -MT"src/SendDataToPython.o" -o "src/SendDataToPython.o" "../src/SendDataToPython.cpp"
../src/SendDataToPython.cpp: In member function ‘boost::python::dict SendDataToPython::objectInformationToDict(std::vector<std::vector<cv::KeyPoint> >, std::vector<int>, std::vector<int>, std::pair<std::vector<std::basic_string<char> >, std::pair<std::vector<int>, std::vector<int> > >)’:
../src/SendDataToPython.cpp:68:6: error: ‘uint_32’ was not declared in this scope
  for(uint_32 i = 0; i<testing.first.size();i++)
      ^
../src/SendDataToPython.cpp:68:14: error: expected ‘;’ before ‘i’
  for(uint_32 i = 0; i<testing.first.size();i++)
              ^
../src/SendDataToPython.cpp:68:42: warning: comparison between signed and unsigned integer expressions [-Wsign-compare]
  for(uint_32 i = 0; i<testing.first.size();i++)
                                          ^
../src/SendDataToPython.cpp:74:43: warning: comparison between signed and unsigned integer expressions [-Wsign-compare]
  for (int i = 0; i<wordXYPairs.first.size();i++)
                                           ^
make: *** [src/SendDataToPython.o] Error 1
00:58:59 **** Incremental Build of configuration Debug for project game_vision ****
make all 
Building file: ../src/SendDataToPython.cpp
Invoking: GCC C++ Compiler
g++ -I/usr/include/python2.7 -I/usr/include/boost/ -O0 -g3 -Wall -c -fmessage-length=0 -MMD -MP -MF"src/SendDataToPython.d" -MT"src/SendDataToPython.o" -o "src/SendDataToPython.o" "../src/SendDataToPython.cpp"
../src/SendDataToPython.cpp: In member function ‘boost::python::dict SendDataToPython::objectInformationToDict(std::vector<std::vector<cv::KeyPoint> >, std::vector<int>, std::vector<int>, std::pair<std::vector<std::basic_string<char> >, std::pair<std::vector<int>, std::vector<int> > >)’:
../src/SendDataToPython.cpp:68:6: error: ‘uint_32’ was not declared in this scope
  for(uint_32 i = 0; i<testing.first.size();i++)
      ^
../src/SendDataToPython.cpp:68:14: error: expected ‘;’ before ‘i’
  for(uint_32 i = 0; i<testing.first.size();i++)
              ^
../src/SendDataToPython.cpp:68:42: warning: comparison between signed and unsigned integer expressions [-Wsign-compare]
  for(uint_32 i = 0; i<testing.first.size();i++)
                                          ^
../src/SendDataToPython.cpp:74:43: warning: comparison between signed and unsigned integer expressions [-Wsign-compare]
  for (int i = 0; i<wordXYPairs.first.size();i++)
                                           ^
make: *** [src/SendDataToPython.o] Error 1
01:00:24 **** Incremental Build of configuration Debug for project game_vision ****
make all 
Building file: ../src/SendDataToPython.cpp
Invoking: GCC C++ Compiler
g++ -I/usr/include/python2.7 -I/usr/include/boost/ -O0 -g3 -Wall -c -fmessage-length=0 -MMD -MP -MF"src/SendDataToPython.d" -MT"src/SendDataToPython.o" -o "src/SendDataToPython.o" "../src/SendDataToPython.cpp"
Finished building: ../src/SendDataToPython.cpp
 
Building target: game_vision
Invoking: GCC C++ Linker
g++ -L/usr/local/lib -lX11 -o "game_vision"  ./src/OCR.o ./src/SendDataToPython.o ./src/SeperateObjects.o ./src/featureextraction.o ./src/main.o ./src/yingyang.o   -lopencv_cudabgsegm -lopencv_cudaobjdetect -lopencv_cudastereo -lopencv_stitching -lopencv_cudafeatures2d -lopencv_superres -lopencv_cudacodec -lopencv_videostab -lopencv_cudaoptflow -lopencv_cudalegacy -lopencv_photo -lopencv_cudawarping -lopencv_cudaimgproc -lopencv_cudafilters -lopencv_aruco -lopencv_bgsegm -lopencv_bioinspired -lopencv_ccalib -lopencv_dpm -lopencv_face -lopencv_freetype -lopencv_fuzzy -lopencv_hdf -lopencv_line_descriptor -lopencv_optflow -lopencv_reg -lopencv_rgbd -lopencv_saliency -lopencv_stereo -lopencv_structured_light -lopencv_phase_unwrapping -lopencv_surface_matching -lopencv_tracking -lopencv_datasets -lopencv_text -lopencv_dnn -lopencv_plot -lopencv_ml -lopencv_xfeatures2d -lopencv_shape -lopencv_video -lopencv_cudaarithm -lopencv_ximgproc -lopencv_calib3d -lopencv_features2d -lopencv_highgui -lopencv_videoio -lopencv_flann -lopencv_xobjdetect -lopencv_imgcodecs -lopencv_objdetect -lopencv_xphoto -lopencv_imgproc -lopencv_core -lopencv_cudev -lboost_python -lboost_system -lpython2.7
Finished building target: game_vision
 
01:00:44 **** Incremental Build of configuration Debug for project game_vision ****
make all 
make: Nothing to be done for `all'.
01:02:02 **** Incremental Build of configuration Debug for project game_vision ****
make all 
Building file: ../src/main.cpp
Invoking: GCC C++ Compiler
g++ -I/usr/include/python2.7 -I/usr/include/boost/ -O0 -g3 -Wall -c -fmessage-length=0 -MMD -MP -MF"src/main.d" -MT"src/main.o" -o "src/main.o" "../src/main.cpp"
Finished building: ../src/main.cpp
 
Building target: game_vision
Invoking: GCC C++ Linker
g++ -L/usr/local/lib -lX11 -o "game_vision"  ./src/OCR.o ./src/SendDataToPython.o ./src/SeperateObjects.o ./src/featureextraction.o ./src/main.o ./src/yingyang.o   -lopencv_cudabgsegm -lopencv_cudaobjdetect -lopencv_cudastereo -lopencv_stitching -lopencv_cudafeatures2d -lopencv_superres -lopencv_cudacodec -lopencv_videostab -lopencv_cudaoptflow -lopencv_cudalegacy -lopencv_photo -lopencv_cudawarping -lopencv_cudaimgproc -lopencv_cudafilters -lopencv_aruco -lopencv_bgsegm -lopencv_bioinspired -lopencv_ccalib -lopencv_dpm -lopencv_face -lopencv_freetype -lopencv_fuzzy -lopencv_hdf -lopencv_line_descriptor -lopencv_optflow -lopencv_reg -lopencv_rgbd -lopencv_saliency -lopencv_stereo -lopencv_structured_light -lopencv_phase_unwrapping -lopencv_surface_matching -lopencv_tracking -lopencv_datasets -lopencv_text -lopencv_dnn -lopencv_plot -lopencv_ml -lopencv_xfeatures2d -lopencv_shape -lopencv_video -lopencv_cudaarithm -lopencv_ximgproc -lopencv_calib3d -lopencv_features2d -lopencv_highgui -lopencv_videoio -lopencv_flann -lopencv_xobjdetect -lopencv_imgcodecs -lopencv_objdetect -lopencv_xphoto -lopencv_imgproc -lopencv_core -lopencv_cudev -lboost_python -lboost_system -lpython2.7
Finished building target: game_vision
 
01:04:39 **** Incremental Build of configuration Debug for project game_vision ****
make all 
Building file: ../src/SendDataToPython.cpp
Invoking: GCC C++ Compiler
g++ -I/usr/include/python2.7 -I/usr/include/boost/ -O0 -g3 -Wall -c -fmessage-length=0 -MMD -MP -MF"src/SendDataToPython.d" -MT"src/SendDataToPython.o" -o "src/SendDataToPython.o" "../src/SendDataToPython.cpp"
Finished building: ../src/SendDataToPython.cpp
 
Building target: game_vision
Invoking: GCC C++ Linker
g++ -L/usr/local/lib -lX11 -o "game_vision"  ./src/OCR.o ./src/SendDataToPython.o ./src/SeperateObjects.o ./src/featureextraction.o ./src/main.o ./src/yingyang.o   -lopencv_cudabgsegm -lopencv_cudaobjdetect -lopencv_cudastereo -lopencv_stitching -lopencv_cudafeatures2d -lopencv_superres -lopencv_cudacodec -lopencv_videostab -lopencv_cudaoptflow -lopencv_cudalegacy -lopencv_photo -lopencv_cudawarping -lopencv_cudaimgproc -lopencv_cudafilters -lopencv_aruco -lopencv_bgsegm -lopencv_bioinspired -lopencv_ccalib -lopencv_dpm -lopencv_face -lopencv_freetype -lopencv_fuzzy -lopencv_hdf -lopencv_line_descriptor -lopencv_optflow -lopencv_reg -lopencv_rgbd -lopencv_saliency -lopencv_stereo -lopencv_structured_light -lopencv_phase_unwrapping -lopencv_surface_matching -lopencv_tracking -lopencv_datasets -lopencv_text -lopencv_dnn -lopencv_plot -lopencv_ml -lopencv_xfeatures2d -lopencv_shape -lopencv_video -lopencv_cudaarithm -lopencv_ximgproc -lopencv_calib3d -lopencv_features2d -lopencv_highgui -lopencv_videoio -lopencv_flann -lopencv_xobjdetect -lopencv_imgcodecs -lopencv_objdetect -lopencv_xphoto -lopencv_imgproc -lopencv_core -lopencv_cudev -lboost_python -lboost_system -lpython2.7
Finished building target: game_vision
 
